[1022/133435.316:ERROR:file_io.cc(89)] ReadExactly: expected 36, observed 0
[1126/105257.365:ERROR:process_memory_win.cc(73)] ReadMemory at 0x7ff67ac90000 of 64 bytes failed: Only part of a ReadProcessMemory or WriteProcessMemory request was completed. (0x12B)
[1126/105257.366:WARNING:pe_image_reader.cc(340)] could not read dos header from C:\Program Files (x86)\Google\Chrome\Application\chrome.exe
[1126/105257.366:ERROR:process_memory_win.cc(73)] ReadMemory at 0x2126129e310 of 72 bytes failed: Only part of a ReadProcessMemory or WriteProcessMemory request was completed. (0x12B)
[1126/105257.366:WARNING:pe_image_annotations_reader.cc(134)] could not read annotations list object in C:\Program Files (x86)\Google\Chrome\Application\78.0.3904.108\chrome_elf.dll
[1126/105257.366:ERROR:process_memory_win.cc(73)] ReadMemory at 0x7ffb12020000 of 64 bytes failed: Only part of a ReadProcessMemory or WriteProcessMemory request was completed. (0x12B)
[1126/105257.366:WARNING:pe_image_reader.cc(340)] could not read dos header from C:\WINDOWS\SYSTEM32\VERSION.dll
[1126/105257.366:ERROR:process_memory_win.cc(73)] ReadMemory at 0x7ffb15400000 of 64 bytes failed: Only part of a ReadProcessMemory or WriteProcessMemory request was completed. (0x12B)
[1126/105257.366:WARNING:pe_image_reader.cc(340)] could not read dos header from C:\WINDOWS\SYSTEM32\WINMM.dll
[1126/105257.366:ERROR:process_memory_win.cc(73)] ReadMemory at 0x7ffb153d0000 of 64 bytes failed: Only part of a ReadProcessMemory or WriteProcessMemory request was completed. (0x12B)
[1126/105257.366:WARNING:pe_image_reader.cc(340)] could not read dos header from C:\WINDOWS\SYSTEM32\WINMMBASE.dll
[1126/105257.367:ERROR:process_memory_win.cc(73)] ReadMemory at 0x7ffac2180000 of 64 bytes failed: Only part of a ReadProcessMemory or WriteProcessMemory request was completed. (0x12B)
[1126/105257.367:WARNING:pe_image_reader.cc(340)] could not read dos header from C:\Program Files (x86)\Google\Chrome\Application\78.0.3904.108\chrome_child.dll
[1126/105257.367:ERROR:process_memory_win.cc(73)] ReadMemory at 0x7ffb18620000 of 64 bytes failed: Only part of a ReadProcessMemory or WriteProcessMemory request was completed. (0x12B)
[1126/105257.367:WARNING:pe_image_reader.cc(340)] could not read dos header from C:\WINDOWS\System32\MSASN1.dll
[1126/105257.367:ERROR:process_memory_win.cc(73)] ReadMemory at 0x7ffb17bf0000 of 64 bytes failed: Only part of a ReadProcessMemory or WriteProcessMemory request was completed. (0x12B)
[1126/105257.367:WARNING:pe_image_reader.cc(340)] could not read dos header from C:\WINDOWS\SYSTEM32\IPHLPAPI.DLL
[1126/105257.367:ERROR:process_memory_win.cc(73)] ReadMemory at 0x7ffb18520000 of 64 bytes failed: Only part of a ReadProcessMemory or WriteProcessMemory request was completed. (0x12B)
[1126/105257.367:WARNING:pe_image_reader.cc(340)] could not read dos header from C:\WINDOWS\SYSTEM32\USERENV.dll
[1126/105257.367:ERROR:process_memory_win.cc(73)] ReadMemory at 0x7ffb02c10000 of 64 bytes failed: Only part of a ReadProcessMemory or WriteProcessMemory request was completed. (0x12B)
[1126/105257.367:WARNING:pe_image_reader.cc(340)] could not read dos header from C:\WINDOWS\SYSTEM32\DWrite.dll
[1126/105257.367:ERROR:process_memory_win.cc(73)] ReadMemory at 0x7ffb12760000 of 64 bytes failed: Only part of a ReadProcessMemory or WriteProcessMemory request was completed. (0x12B)
[1126/105257.367:WARNING:pe_image_reader.cc(340)] could not read dos header from C:\WINDOWS\SYSTEM32\WINSPOOL.DRV
[1126/105257.367:ERROR:process_memory_win.cc(73)] ReadMemory at 0x7ffb0a560000 of 64 bytes failed: Only part of a ReadProcessMemory or WriteProcessMemory request was completed. (0x12B)
[1126/105257.367:WARNING:pe_image_reader.cc(340)] could not read dos header from C:\WINDOWS\SYSTEM32\dbghelp.dll
[1126/105257.367:ERROR:process_memory_win.cc(73)] ReadMemory at 0x7ffb0a550000 of 64 bytes failed: Only part of a ReadProcessMemory or WriteProcessMemory request was completed. (0x12B)
[1126/105257.367:WARNING:pe_image_reader.cc(340)] could not read dos header from C:\WINDOWS\SYSTEM32\Secur32.dll
[1126/105257.367:ERROR:process_memory_win.cc(73)] ReadMemory at 0x7ffb13e60000 of 64 bytes failed: Only part of a ReadProcessMemory or WriteProcessMemory request was completed. (0x12B)
[1126/105257.367:WARNING:pe_image_reader.cc(340)] could not read dos header from C:\WINDOWS\SYSTEM32\WINHTTP.dll
[1126/105257.367:ERROR:process_memory_win.cc(73)] ReadMemory at 0x7ffb13050000 of 64 bytes failed: Only part of a ReadProcessMemory or WriteProcessMemory request was completed. (0x12B)
[1126/105257.367:WARNING:pe_image_reader.cc(340)] could not read dos header from C:\WINDOWS\SYSTEM32\dhcpcsvc.DLL
[1126/105257.367:ERROR:process_memory_win.cc(73)] ReadMemory at 0x7ffb14bc0000 of 64 bytes failed: Only part of a ReadProcessMemory or WriteProcessMemory request was completed. (0x12B)
[1126/105257.368:WARNING:pe_image_reader.cc(340)] could not read dos header from C:\WINDOWS\SYSTEM32\PROPSYS.dll
[1126/105257.368:ERROR:process_memory_win.cc(73)] ReadMemory at 0x7ffb18550000 of 64 bytes failed: Only part of a ReadProcessMemory or WriteProcessMemory request was completed. (0x12B)
[1126/105257.368:WARNING:pe_image_reader.cc(340)] could not read dos header from C:\WINDOWS\SYSTEM32\SSPICLI.DLL
[1126/105257.368:ERROR:process_memory_win.cc(73)] ReadMemory at 0x7ffb18060000 of 64 bytes failed: Only part of a ReadProcessMemory or WriteProcessMemory request was completed. (0x12B)
[1126/105257.368:WARNING:pe_image_reader.cc(340)] could not read dos header from C:\WINDOWS\SYSTEM32\CRYPTBASE.DLL
[1126/105257.368:ERROR:process_memory_win.cc(73)] ReadMemory at 0x7ff67ac90000 of 64 bytes failed: Only part of a ReadProcessMemory or WriteProcessMemory request was completed. (0x12B)
[1126/105257.368:WARNING:pe_image_reader.cc(340)] could not read dos header from C:\Program Files (x86)\Google\Chrome\Application\chrome.exe
[1126/105257.368:ERROR:process_memory_win.cc(73)] ReadMemory at 0x7ffb0ceb0000 of 64 bytes failed: Only part of a ReadProcessMemory or WriteProcessMemory request was completed. (0x12B)
[1126/105257.368:WARNING:pe_image_reader.cc(340)] could not read dos header from C:\Program Files (x86)\Google\Chrome\Application\78.0.3904.108\chrome_elf.dll
[1126/105257.368:ERROR:process_memory_win.cc(73)] ReadMemory at 0x7ffb12020000 of 64 bytes failed: Only part of a ReadProcessMemory or WriteProcessMemory request was completed. (0x12B)
[1126/105257.368:WARNING:pe_image_reader.cc(340)] could not read dos header from C:\WINDOWS\SYSTEM32\VERSION.dll
[1126/105257.368:ERROR:process_memory_win.cc(73)] ReadMemory at 0x7ffb15400000 of 64 bytes failed: Only part of a ReadProcessMemory or WriteProcessMemory request was completed. (0x12B)
[1126/105257.368:WARNING:pe_image_reader.cc(340)] could not read dos header from C:\WINDOWS\SYSTEM32\WINMM.dll
[1126/105257.368:ERROR:process_memory_win.cc(73)] ReadMemory at 0x7ffb153d0000 of 64 bytes failed: Only part of a ReadProcessMemory or WriteProcessMemory request was completed. (0x12B)
[1126/105257.368:WARNING:pe_image_reader.cc(340)] could not read dos header from C:\WINDOWS\SYSTEM32\WINMMBASE.dll
[1126/105257.368:ERROR:process_memory_win.cc(73)] ReadMemory at 0x7ffac2180000 of 64 bytes failed: Only part of a ReadProcessMemory or WriteProcessMemory request was completed. (0x12B)
[1126/105257.368:WARNING:pe_image_reader.cc(340)] could not read dos header from C:\Program Files (x86)\Google\Chrome\Application\78.0.3904.108\chrome_child.dll
[1126/105257.369:ERROR:process_memory_win.cc(73)] ReadMemory at 0x7ffb18620000 of 64 bytes failed: Only part of a ReadProcessMemory or WriteProcessMemory request was completed. (0x12B)
[1126/105257.369:WARNING:pe_image_reader.cc(340)] could not read dos header from C:\WINDOWS\System32\MSASN1.dll
[1126/105257.369:ERROR:process_memory_win.cc(73)] ReadMemory at 0x7ffb17bf0000 of 64 bytes failed: Only part of a ReadProcessMemory or WriteProcessMemory request was completed. (0x12B)
[1126/105257.369:WARNING:pe_image_reader.cc(340)] could not read dos header from C:\WINDOWS\SYSTEM32\IPHLPAPI.DLL
[1126/105257.369:ERROR:process_memory_win.cc(73)] ReadMemory at 0x7ffb18520000 of 64 bytes failed: Only part of a ReadProcessMemory or WriteProcessMemory request was completed. (0x12B)
[1126/105257.369:WARNING:pe_image_reader.cc(340)] could not read dos header from C:\WINDOWS\SYSTEM32\USERENV.dll
[1126/105257.369:ERROR:process_memory_win.cc(73)] ReadMemory at 0x7ffb02c10000 of 64 bytes failed: Only part of a ReadProcessMemory or WriteProcessMemory request was completed. (0x12B)
[1126/105257.369:WARNING:pe_image_reader.cc(340)] could not read dos header from C:\WINDOWS\SYSTEM32\DWrite.dll
[1126/105257.369:ERROR:process_memory_win.cc(73)] ReadMemory at 0x7ffb12760000 of 64 bytes failed: Only part of a ReadProcessMemory or WriteProcessMemory request was completed. (0x12B)
[1126/105257.369:WARNING:pe_image_reader.cc(340)] could not read dos header from C:\WINDOWS\SYSTEM32\WINSPOOL.DRV
[1126/105257.369:ERROR:process_memory_win.cc(73)] ReadMemory at 0x7ffb0a560000 of 64 bytes failed: Only part of a ReadProcessMemory or WriteProcessMemory request was completed. (0x12B)
[1126/105257.369:WARNING:pe_image_reader.cc(340)] could not read dos header from C:\WINDOWS\SYSTEM32\dbghelp.dll
[1126/105257.369:ERROR:process_memory_win.cc(73)] ReadMemory at 0x7ffb0a550000 of 64 bytes failed: Only part of a ReadProcessMemory or WriteProcessMemory request was completed. (0x12B)
[1126/105257.369:WARNING:pe_image_reader.cc(340)] could not read dos header from C:\WINDOWS\SYSTEM32\Secur32.dll
[1126/105257.369:ERROR:process_memory_win.cc(73)] ReadMemory at 0x7ffb13e60000 of 64 bytes failed: Only part of a ReadProcessMemory or WriteProcessMemory request was completed. (0x12B)
[1126/105257.369:WARNING:pe_image_reader.cc(340)] could not read dos header from C:\WINDOWS\SYSTEM32\WINHTTP.dll
[1126/105257.369:ERROR:process_memory_win.cc(73)] ReadMemory at 0x7ffb13050000 of 64 bytes failed: Only part of a ReadProcessMemory or WriteProcessMemory request was completed. (0x12B)
[1126/105257.369:WARNING:pe_image_reader.cc(340)] could not read dos header from C:\WINDOWS\SYSTEM32\dhcpcsvc.DLL
[1126/105257.369:ERROR:process_memory_win.cc(73)] ReadMemory at 0x7ffb14bc0000 of 64 bytes failed: Only part of a ReadProcessMemory or WriteProcessMemory request was completed. (0x12B)
[1126/105257.369:WARNING:pe_image_reader.cc(340)] could not read dos header from C:\WINDOWS\SYSTEM32\PROPSYS.dll
[1126/105257.369:ERROR:process_memory_win.cc(73)] ReadMemory at 0x7ffb18550000 of 64 bytes failed: Only part of a ReadProcessMemory or WriteProcessMemory request was completed. (0x12B)
[1126/105257.369:WARNING:pe_image_reader.cc(340)] could not read dos header from C:\WINDOWS\SYSTEM32\SSPICLI.DLL
[1126/105257.369:ERROR:process_memory_win.cc(73)] ReadMemory at 0x7ffb18060000 of 64 bytes failed: Only part of a ReadProcessMemory or WriteProcessMemory request was completed. (0x12B)
[1126/105257.370:WARNING:pe_image_reader.cc(340)] could not read dos header from C:\WINDOWS\SYSTEM32\CRYPTBASE.DLL
[1126/105257.378:ERROR:process_memory_win.cc(73)] ReadMemory at 0x633c1f8000 of 32768 bytes failed: Only part of a ReadProcessMemory or WriteProcessMemory request was completed. (0x12B)
[1126/105257.379:ERROR:process_memory_win.cc(73)] ReadMemory at 0x633c9fd000 of 12288 bytes failed: Only part of a ReadProcessMemory or WriteProcessMemory request was completed. (0x12B)
[1126/105257.379:ERROR:process_memory_win.cc(73)] ReadMemory at 0x633d1fd000 of 12288 bytes failed: Only part of a ReadProcessMemory or WriteProcessMemory request was completed. (0x12B)
[1126/105257.379:ERROR:process_memory_win.cc(73)] ReadMemory at 0x633d9fd000 of 12288 bytes failed: Only part of a ReadProcessMemory or WriteProcessMemory request was completed. (0x12B)
[1126/105257.379:ERROR:process_memory_win.cc(73)] ReadMemory at 0x633e1fc000 of 16384 bytes failed: Only part of a ReadProcessMemory or WriteProcessMemory request was completed. (0x12B)
[1126/105257.379:ERROR:process_memory_win.cc(73)] ReadMemory at 0x633e9fe000 of 8192 bytes failed: Only part of a ReadProcessMemory or WriteProcessMemory request was completed. (0x12B)
[1126/105257.379:ERROR:process_memory_win.cc(73)] ReadMemory at 0x633f1fd000 of 12288 bytes failed: Only part of a ReadProcessMemory or WriteProcessMemory request was completed. (0x12B)
[1126/105257.379:ERROR:process_memory_win.cc(73)] ReadMemory at 0x633f9fc000 of 16384 bytes failed: Only part of a ReadProcessMemory or WriteProcessMemory request was completed. (0x12B)
[1126/105257.379:ERROR:process_memory_win.cc(73)] ReadMemory at 0x63401fd000 of 12288 bytes failed: Only part of a ReadProcessMemory or WriteProcessMemory request was completed. (0x12B)
[1126/105257.380:ERROR:process_memory_win.cc(73)] ReadMemory at 0x63409fd000 of 12288 bytes failed: Only part of a ReadProcessMemory or WriteProcessMemory request was completed. (0x12B)
[1126/105257.380:ERROR:process_memory_win.cc(73)] ReadMemory at 0x63411fd000 of 12288 bytes failed: Only part of a ReadProcessMemory or WriteProcessMemory request was completed. (0x12B)
[1126/105257.380:ERROR:process_memory_win.cc(73)] ReadMemory at 0x63419fd000 of 12288 bytes failed: Only part of a ReadProcessMemory or WriteProcessMemory request was completed. (0x12B)
[1126/105257.380:ERROR:process_memory_win.cc(73)] ReadMemory at 0x63421fd000 of 12288 bytes failed: Only part of a ReadProcessMemory or WriteProcessMemory request was completed. (0x12B)
[1126/105257.380:ERROR:process_memory_win.cc(73)] ReadMemory at 0x633b9cd000 of 852 bytes failed: Only part of a ReadProcessMemory or WriteProcessMemory request was completed. (0x12B)
[1126/105257.380:ERROR:process_memory_win.cc(73)] ReadMemory at 0x633b9ce000 of 6024 bytes failed: Only part of a ReadProcessMemory or WriteProcessMemory request was completed. (0x12B)
[1126/105257.380:ERROR:process_memory_win.cc(73)] ReadMemory at 0x633b9d0000 of 6024 bytes failed: Only part of a ReadProcessMemory or WriteProcessMemory request was completed. (0x12B)
[1126/105257.380:ERROR:process_memory_win.cc(73)] ReadMemory at 0x633b9d2000 of 6024 bytes failed: Only part of a ReadProcessMemory or WriteProcessMemory request was completed. (0x12B)
[1126/105257.380:ERROR:process_memory_win.cc(73)] ReadMemory at 0x633b9d4000 of 6024 bytes failed: Only part of a ReadProcessMemory or WriteProcessMemory request was completed. (0x12B)
[1126/105257.380:ERROR:process_memory_win.cc(73)] ReadMemory at 0x633b9d6000 of 6024 bytes failed: Only part of a ReadProcessMemory or WriteProcessMemory request was completed. (0x12B)
[1126/105257.381:ERROR:process_memory_win.cc(73)] ReadMemory at 0x633b9d8000 of 6024 bytes failed: Only part of a ReadProcessMemory or WriteProcessMemory request was completed. (0x12B)
[1126/105257.381:ERROR:process_memory_win.cc(73)] ReadMemory at 0x633b9da000 of 6024 bytes failed: Only part of a ReadProcessMemory or WriteProcessMemory request was completed. (0x12B)
[1126/105257.381:ERROR:process_memory_win.cc(73)] ReadMemory at 0x633b9dc000 of 6024 bytes failed: Only part of a ReadProcessMemory or WriteProcessMemory request was completed. (0x12B)
[1126/105257.381:ERROR:process_memory_win.cc(73)] ReadMemory at 0x633b9de000 of 6024 bytes failed: Only part of a ReadProcessMemory or WriteProcessMemory request was completed. (0x12B)
[1126/105257.381:ERROR:process_memory_win.cc(73)] ReadMemory at 0x633b9e0000 of 6024 bytes failed: Only part of a ReadProcessMemory or WriteProcessMemory request was completed. (0x12B)
[1126/105257.381:ERROR:process_memory_win.cc(73)] ReadMemory at 0x633b9e2000 of 6024 bytes failed: Only part of a ReadProcessMemory or WriteProcessMemory request was completed. (0x12B)
[1126/105257.381:ERROR:process_memory_win.cc(73)] ReadMemory at 0x633b9e4000 of 6024 bytes failed: Only part of a ReadProcessMemory or WriteProcessMemory request was completed. (0x12B)
[1126/105257.381:ERROR:process_memory_win.cc(73)] ReadMemory at 0x633b9e6000 of 6024 bytes failed: Only part of a ReadProcessMemory or WriteProcessMemory request was completed. (0x12B)
[1126/105257.381:ERROR:process_memory_win.cc(73)] ReadMemory at 0x21261100c40 of 512 bytes failed: Only part of a ReadProcessMemory or WriteProcessMemory request was completed. (0x12B)
[1126/105257.381:ERROR:process_memory_win.cc(73)] ReadMemory at 0x21261101900 of 512 bytes failed: Only part of a ReadProcessMemory or WriteProcessMemory request was completed. (0x12B)
[1126/105257.381:ERROR:process_memory_win.cc(73)] ReadMemory at 0x21261120fe0 of 25334 bytes failed: Only part of a ReadProcessMemory or WriteProcessMemory request was completed. (0x12B)
[1126/105257.382:ERROR:process_memory_win.cc(73)] ReadMemory at 0x212611272e0 of 1012 bytes failed: Only part of a ReadProcessMemory or WriteProcessMemory request was completed. (0x12B)
[1126/105257.382:ERROR:process_memory_win.cc(73)] ReadMemory at 0x21261127908 of 118 bytes failed: Only part of a ReadProcessMemory or WriteProcessMemory request was completed. (0x12B)
[1126/105257.382:ERROR:process_memory_win.cc(73)] ReadMemory at 0x21261127980 of 864 bytes failed: Only part of a ReadProcessMemory or WriteProcessMemory request was completed. (0x12B)
[1126/105257.382:ERROR:process_memory_win.cc(73)] ReadMemory at 0x21261127ce2 of 118 bytes failed: Only part of a ReadProcessMemory or WriteProcessMemory request was completed. (0x12B)
[1126/105257.382:ERROR:process_memory_win.cc(73)] ReadMemory at 0x21261127d5a of 100 bytes failed: Only part of a ReadProcessMemory or WriteProcessMemory request was completed. (0x12B)
[1126/105257.382:ERROR:process_memory_win.cc(73)] ReadMemory at 0x21261127dd0 of 58 bytes failed: Only part of a ReadProcessMemory or WriteProcessMemory request was completed. (0x12B)
[1126/105257.382:ERROR:process_memory_win.cc(73)] ReadMemory at 0x21261127ed0 of 132 bytes failed: Only part of a ReadProcessMemory or WriteProcessMemory request was completed. (0x12B)
[1126/105257.382:ERROR:process_memory_win.cc(73)] ReadMemory at 0x21261128060 of 132 bytes failed: Only part of a ReadProcessMemory or WriteProcessMemory request was completed. (0x12B)
[1126/105257.382:ERROR:process_memory_win.cc(73)] ReadMemory at 0x21261128220 of 126 bytes failed: Only part of a ReadProcessMemory or WriteProcessMemory request was completed. (0x12B)
[1126/105257.382:ERROR:process_memory_win.cc(73)] ReadMemory at 0x21261128600 of 132 bytes failed: Only part of a ReadProcessMemory or WriteProcessMemory request was completed. (0x12B)
[1126/105257.382:ERROR:process_memory_win.cc(73)] ReadMemory at 0x21261128790 of 64 bytes failed: Only part of a ReadProcessMemory or WriteProcessMemory request was completed. (0x12B)
[1126/105257.382:ERROR:process_memory_win.cc(73)] ReadMemory at 0x212611287e0 of 132 bytes failed: Only part of a ReadProcessMemory or WriteProcessMemory request was completed. (0x12B)
[1126/105257.382:ERROR:process_memory_win.cc(73)] ReadMemory at 0x21261128950 of 132 bytes failed: Only part of a ReadProcessMemory or WriteProcessMemory request was completed. (0x12B)
[1126/105257.382:ERROR:process_memory_win.cc(73)] ReadMemory at 0x21261128bf0 of 132 bytes failed: Only part of a ReadProcessMemory or WriteProcessMemory request was completed. (0x12B)
[1126/105257.383:ERROR:process_memory_win.cc(73)] ReadMemory at 0x21261128d80 of 68 bytes failed: Only part of a ReadProcessMemory or WriteProcessMemory request was completed. (0x12B)
[1126/105257.383:ERROR:process_memory_win.cc(73)] ReadMemory at 0x21261129d70 of 132 bytes failed: Only part of a ReadProcessMemory or WriteProcessMemory request was completed. (0x12B)
[1126/105257.383:ERROR:process_memory_win.cc(73)] ReadMemory at 0x21261129f00 of 154 bytes failed: Only part of a ReadProcessMemory or WriteProcessMemory request was completed. (0x12B)
[1126/105257.383:ERROR:process_memory_win.cc(73)] ReadMemory at 0x2126112aa30 of 132 bytes failed: Only part of a ReadProcessMemory or WriteProcessMemory request was completed. (0x12B)
[1126/105257.383:ERROR:process_memory_win.cc(73)] ReadMemory at 0x2126112ad20 of 62 bytes failed: Only part of a ReadProcessMemory or WriteProcessMemory request was completed. (0x12B)
[1126/105257.383:ERROR:process_memory_win.cc(73)] ReadMemory at 0x2126112ae80 of 132 bytes failed: Only part of a ReadProcessMemory or WriteProcessMemory request was completed. (0x12B)
[1126/105257.383:ERROR:process_memory_win.cc(73)] ReadMemory at 0x2126112b010 of 60 bytes failed: Only part of a ReadProcessMemory or WriteProcessMemory request was completed. (0x12B)
[1126/105257.383:ERROR:process_memory_win.cc(73)] ReadMemory at 0x2126112b538 of 1080 bytes failed: Only part of a ReadProcessMemory or WriteProcessMemory request was completed. (0x12B)
[1126/105257.383:ERROR:process_memory_win.cc(73)] ReadMemory at 0x2126112ba10 of 132 bytes failed: Only part of a ReadProcessMemory or WriteProcessMemory request was completed. (0x12B)
[1126/105257.383:ERROR:process_memory_win.cc(73)] ReadMemory at 0x212611301f0 of 132 bytes failed: Only part of a ReadProcessMemory or WriteProcessMemory request was completed. (0x12B)
[1126/105257.383:ERROR:process_memory_win.cc(73)] ReadMemory at 0x21261130380 of 80 bytes failed: Only part of a ReadProcessMemory or WriteProcessMemory request was completed. (0x12B)
[1126/105257.383:ERROR:process_memory_win.cc(73)] ReadMemory at 0x21261130660 of 66 bytes failed: Only part of a ReadProcessMemory or WriteProcessMemory request was completed. (0x12B)
[1126/105257.383:ERROR:process_memory_win.cc(73)] ReadMemory at 0x212611308e0 of 64 bytes failed: Only part of a ReadProcessMemory or WriteProcessMemory request was completed. (0x12B)
[1126/105257.383:ERROR:process_memory_win.cc(73)] ReadMemory at 0x21261130980 of 58 bytes failed: Only part of a ReadProcessMemory or WriteProcessMemory request was completed. (0x12B)
[1126/105257.384:ERROR:process_memory_win.cc(73)] ReadMemory at 0x21261130bb0 of 64 bytes failed: Only part of a ReadProcessMemory or WriteProcessMemory request was completed. (0x12B)
[1126/105257.384:ERROR:process_memory_win.cc(73)] ReadMemory at 0x21261132d00 of 54 bytes failed: Only part of a ReadProcessMemory or WriteProcessMemory request was completed. (0x12B)
[1126/105257.384:ERROR:process_memory_win.cc(73)] ReadMemory at 0x21261133ab0 of 76 bytes failed: Only part of a ReadProcessMemory or WriteProcessMemory request was completed. (0x12B)
[1126/105257.384:ERROR:process_memory_win.cc(73)] ReadMemory at 0x21261134280 of 132 bytes failed: Only part of a ReadProcessMemory or WriteProcessMemory request was completed. (0x12B)
[1126/105257.384:ERROR:process_memory_win.cc(73)] ReadMemory at 0x212611366c0 of 132 bytes failed: Only part of a ReadProcessMemory or WriteProcessMemory request was completed. (0x12B)
[1126/105257.384:ERROR:process_memory_win.cc(73)] ReadMemory at 0x212611367f0 of 158 bytes failed: Only part of a ReadProcessMemory or WriteProcessMemory request was completed. (0x12B)
[1126/105257.384:ERROR:process_memory_win.cc(73)] ReadMemory at 0x21261136dc0 of 132 bytes failed: Only part of a ReadProcessMemory or WriteProcessMemory request was completed. (0x12B)
[1126/105257.384:ERROR:process_memory_win.cc(73)] ReadMemory at 0x21261137070 of 62 bytes failed: Only part of a ReadProcessMemory or WriteProcessMemory request was completed. (0x12B)
[1126/105257.384:ERROR:process_memory_win.cc(73)] ReadMemory at 0x212611370c0 of 64 bytes failed: Only part of a ReadProcessMemory or WriteProcessMemory request was completed. (0x12B)
[1126/105257.384:ERROR:process_memory_win.cc(73)] ReadMemory at 0x21261137110 of 64 bytes failed: Only part of a ReadProcessMemory or WriteProcessMemory request was completed. (0x12B)
[1126/105257.384:ERROR:process_memory_win.cc(73)] ReadMemory at 0x21261137250 of 60 bytes failed: Only part of a ReadProcessMemory or WriteProcessMemory request was completed. (0x12B)
[1126/105257.384:ERROR:process_memory_win.cc(73)] ReadMemory at 0x212611372a0 of 64 bytes failed: Only part of a ReadProcessMemory or WriteProcessMemory request was completed. (0x12B)
[1126/105257.384:ERROR:process_memory_win.cc(73)] ReadMemory at 0x21261137340 of 64 bytes failed: Only part of a ReadProcessMemory or WriteProcessMemory request was completed. (0x12B)
[1126/105257.384:ERROR:process_memory_win.cc(73)] ReadMemory at 0x21261137390 of 62 bytes failed: Only part of a ReadProcessMemory or WriteProcessMemory request was completed. (0x12B)
[1126/105257.384:ERROR:process_memory_win.cc(73)] ReadMemory at 0x212611373e0 of 60 bytes failed: Only part of a ReadProcessMemory or WriteProcessMemory request was completed. (0x12B)
[1126/105257.385:ERROR:process_memory_win.cc(73)] ReadMemory at 0x21261137430 of 62 bytes failed: Only part of a ReadProcessMemory or WriteProcessMemory request was completed. (0x12B)
[1126/105257.385:ERROR:process_memory_win.cc(73)] ReadMemory at 0x21261137520 of 62 bytes failed: Only part of a ReadProcessMemory or WriteProcessMemory request was completed. (0x12B)
[1126/105257.385:ERROR:process_memory_win.cc(73)] ReadMemory at 0x21261137570 of 60 bytes failed: Only part of a ReadProcessMemory or WriteProcessMemory request was completed. (0x12B)
[1126/105257.385:ERROR:process_memory_win.cc(73)] ReadMemory at 0x21261137660 of 64 bytes failed: Only part of a ReadProcessMemory or WriteProcessMemory request was completed. (0x12B)
[1126/105257.385:ERROR:process_memory_win.cc(73)] ReadMemory at 0x21261137750 of 60 bytes failed: Only part of a ReadProcessMemory or WriteProcessMemory request was completed. (0x12B)
[1126/105257.385:ERROR:process_memory_win.cc(73)] ReadMemory at 0x21261137890 of 60 bytes failed: Only part of a ReadProcessMemory or WriteProcessMemory request was completed. (0x12B)
[1126/105257.385:ERROR:process_memory_win.cc(73)] ReadMemory at 0x21261137930 of 62 bytes failed: Only part of a ReadProcessMemory or WriteProcessMemory request was completed. (0x12B)
[1126/105257.385:ERROR:process_memory_win.cc(73)] ReadMemory at 0x21261137ac0 of 66 bytes failed: Only part of a ReadProcessMemory or WriteProcessMemory request was completed. (0x12B)
[1126/105257.385:ERROR:process_memory_win.cc(73)] ReadMemory at 0x21261137b10 of 62 bytes failed: Only part of a ReadProcessMemory or WriteProcessMemory request was completed. (0x12B)
[1126/105257.385:ERROR:process_memory_win.cc(73)] ReadMemory at 0x21261137c00 of 62 bytes failed: Only part of a ReadProcessMemory or WriteProcessMemory request was completed. (0x12B)
[1126/105257.385:ERROR:process_memory_win.cc(73)] ReadMemory at 0x21261137c50 of 62 bytes failed: Only part of a ReadProcessMemory or WriteProcessMemory request was completed. (0x12B)
[1126/105257.385:ERROR:process_memory_win.cc(73)] ReadMemory at 0x21261137ca0 of 62 bytes failed: Only part of a ReadProcessMemory or WriteProcessMemory request was completed. (0x12B)
[1126/105257.385:ERROR:process_memory_win.cc(73)] ReadMemory at 0x21261137cf0 of 64 bytes failed: Only part of a ReadProcessMemory or WriteProcessMemory request was completed. (0x12B)
[1126/105257.385:ERROR:process_memory_win.cc(73)] ReadMemory at 0x21261137d40 of 62 bytes failed: Only part of a ReadProcessMemory or WriteProcessMemory request was completed. (0x12B)
[1126/105257.386:ERROR:process_memory_win.cc(73)] ReadMemory at 0x21261137de0 of 60 bytes failed: Only part of a ReadProcessMemory or WriteProcessMemory request was completed. (0x12B)
[1126/105257.386:ERROR:process_memory_win.cc(73)] ReadMemory at 0x21261139b20 of 132 bytes failed: Only part of a ReadProcessMemory or WriteProcessMemory request was completed. (0x12B)
[1126/105257.386:ERROR:process_memory_win.cc(73)] ReadMemory at 0x21261139c50 of 132 bytes failed: Only part of a ReadProcessMemory or WriteProcessMemory request was completed. (0x12B)
[1126/105257.386:ERROR:process_memory_win.cc(73)] ReadMemory at 0x212611409a0 of 132 bytes failed: Only part of a ReadProcessMemory or WriteProcessMemory request was completed. (0x12B)
[1126/105257.386:ERROR:process_memory_win.cc(73)] ReadMemory at 0x21261140c60 of 132 bytes failed: Only part of a ReadProcessMemory or WriteProcessMemory request was completed. (0x12B)
[1126/105257.386:ERROR:process_memory_win.cc(73)] ReadMemory at 0x21261140d90 of 132 bytes failed: Only part of a ReadProcessMemory or WriteProcessMemory request was completed. (0x12B)
[1126/105257.386:ERROR:process_memory_win.cc(73)] ReadMemory at 0x21261140ec0 of 132 bytes failed: Only part of a ReadProcessMemory or WriteProcessMemory request was completed. (0x12B)
[1126/105257.386:ERROR:process_memory_win.cc(73)] ReadMemory at 0x21261140ff0 of 132 bytes failed: Only part of a ReadProcessMemory or WriteProcessMemory request was completed. (0x12B)
[1126/105257.386:ERROR:process_memory_win.cc(73)] ReadMemory at 0x21261141250 of 132 bytes failed: Only part of a ReadProcessMemory or WriteProcessMemory request was completed. (0x12B)
[1126/105257.386:ERROR:process_memory_win.cc(73)] ReadMemory at 0x21261141380 of 132 bytes failed: Only part of a ReadProcessMemory or WriteProcessMemory request was completed. (0x12B)
[1126/105257.386:ERROR:process_memory_win.cc(73)] ReadMemory at 0x212611414b0 of 132 bytes failed: Only part of a ReadProcessMemory or WriteProcessMemory request was completed. (0x12B)
[1126/105257.386:ERROR:process_memory_win.cc(73)] ReadMemory at 0x212611415e0 of 132 bytes failed: Only part of a ReadProcessMemory or WriteProcessMemory request was completed. (0x12B)
[1126/105257.386:ERROR:process_memory_win.cc(73)] ReadMemory at 0x21261141710 of 132 bytes failed: Only part of a ReadProcessMemory or WriteProcessMemory request was completed. (0x12B)
[1126/105257.386:ERROR:process_memory_win.cc(73)] ReadMemory at 0x21261141840 of 132 bytes failed: Only part of a ReadProcessMemory or WriteProcessMemory request was completed. (0x12B)
[1126/105257.386:ERROR:process_memory_win.cc(73)] ReadMemory at 0x21261141970 of 132 bytes failed: Only part of a ReadProcessMemory or WriteProcessMemory request was completed. (0x12B)
[1126/105257.386:ERROR:process_memory_win.cc(73)] ReadMemory at 0x21261141aa0 of 132 bytes failed: Only part of a ReadProcessMemory or WriteProcessMemory request was completed. (0x12B)
[1126/105257.387:ERROR:process_memory_win.cc(73)] ReadMemory at 0x21261145690 of 132 bytes failed: Only part of a ReadProcessMemory or WriteProcessMemory request was completed. (0x12B)
[1126/105257.387:ERROR:process_memory_win.cc(73)] ReadMemory at 0x212611457c0 of 132 bytes failed: Only part of a ReadProcessMemory or WriteProcessMemory request was completed. (0x12B)
[1126/105257.387:ERROR:process_memory_win.cc(73)] ReadMemory at 0x212611458f0 of 132 bytes failed: Only part of a ReadProcessMemory or WriteProcessMemory request was completed. (0x12B)
[1126/105257.387:ERROR:process_memory_win.cc(73)] ReadMemory at 0x21261145ee0 of 132 bytes failed: Only part of a ReadProcessMemory or WriteProcessMemory request was completed. (0x12B)
[1126/105257.387:ERROR:process_memory_win.cc(73)] ReadMemory at 0x21261146010 of 132 bytes failed: Only part of a ReadProcessMemory or WriteProcessMemory request was completed. (0x12B)
[1126/105257.387:ERROR:process_memory_win.cc(73)] ReadMemory at 0x21261146860 of 132 bytes failed: Only part of a ReadProcessMemory or WriteProcessMemory request was completed. (0x12B)
[1126/105257.387:ERROR:process_memory_win.cc(73)] ReadMemory at 0x21261146990 of 132 bytes failed: Only part of a ReadProcessMemory or WriteProcessMemory request was completed. (0x12B)
[1126/105257.387:ERROR:process_memory_win.cc(73)] ReadMemory at 0x21261146f80 of 132 bytes failed: Only part of a ReadProcessMemory or WriteProcessMemory request was completed. (0x12B)
[1126/105257.387:ERROR:process_memory_win.cc(73)] ReadMemory at 0x212611470b0 of 132 bytes failed: Only part of a ReadProcessMemory or WriteProcessMemory request was completed. (0x12B)
[1126/105257.387:ERROR:process_memory_win.cc(73)] ReadMemory at 0x2126115b670 of 512 bytes failed: Only part of a ReadProcessMemory or WriteProcessMemory request was completed. (0x12B)
[1126/105257.387:ERROR:process_memory_win.cc(73)] ReadMemory at 0x2126115c1a0 of 512 bytes failed: Only part of a ReadProcessMemory or WriteProcessMemory request was completed. (0x12B)
[1126/105257.387:ERROR:process_memory_win.cc(73)] ReadMemory at 0x2126146a8c0 of 512 bytes failed: Only part of a ReadProcessMemory or WriteProcessMemory request was completed. (0x12B)
[1126/105257.387:ERROR:process_memory_win.cc(73)] ReadMemory at 0x21261487b30 of 512 bytes failed: Only part of a ReadProcessMemory or WriteProcessMemory request was completed. (0x12B)
[1126/105257.387:ERROR:process_memory_win.cc(73)] ReadMemory at 0x212614889d0 of 512 bytes failed: Only part of a ReadProcessMemory or WriteProcessMemory request was completed. (0x12B)
[1126/105257.387:ERROR:process_memory_win.cc(73)] ReadMemory at 0x2126148a650 of 512 bytes failed: Only part of a ReadProcessMemory or WriteProcessMemory request was completed. (0x12B)
[1126/105257.388:ERROR:process_memory_win.cc(73)] ReadMemory at 0x212614c09a8 of 656 bytes failed: Only part of a ReadProcessMemory or WriteProcessMemory request was completed. (0x12B)
[1126/105257.388:ERROR:process_memory_win.cc(73)] ReadMemory at 0x212614c1578 of 512 bytes failed: Only part of a ReadProcessMemory or WriteProcessMemory request was completed. (0x12B)
[1126/105257.388:ERROR:process_memory_win.cc(73)] ReadMemory at 0x212614ca7c0 of 712 bytes failed: Only part of a ReadProcessMemory or WriteProcessMemory request was completed. (0x12B)
[1126/105257.388:ERROR:process_memory_win.cc(73)] ReadMemory at 0x212632e1120 of 512 bytes failed: Only part of a ReadProcessMemory or WriteProcessMemory request was completed. (0x12B)
[1126/105257.388:ERROR:process_memory_win.cc(73)] ReadMemory at 0x212632f7030 of 512 bytes failed: Only part of a ReadProcessMemory or WriteProcessMemory request was completed. (0x12B)
[1126/105257.388:ERROR:process_memory_win.cc(73)] ReadMemory at 0x212633d8fe8 of 512 bytes failed: Only part of a ReadProcessMemory or WriteProcessMemory request was completed. (0x12B)
[1126/105257.388:ERROR:process_memory_win.cc(73)] ReadMemory at 0x21263426cf0 of 512 bytes failed: Only part of a ReadProcessMemory or WriteProcessMemory request was completed. (0x12B)
[1126/105257.388:ERROR:process_memory_win.cc(73)] ReadMemory at 0x212634277e0 of 512 bytes failed: Only part of a ReadProcessMemory or WriteProcessMemory request was completed. (0x12B)
[1126/105257.388:ERROR:process_memory_win.cc(73)] ReadMemory at 0x21263445bb8 of 512 bytes failed: Only part of a ReadProcessMemory or WriteProcessMemory request was completed. (0x12B)
[1126/105257.388:ERROR:process_memory_win.cc(73)] ReadMemory at 0x212634469c0 of 512 bytes failed: Only part of a ReadProcessMemory or WriteProcessMemory request was completed. (0x12B)
[1126/105257.389:ERROR:process_memory_win.cc(73)] ReadMemory at 0x212635fc790 of 512 bytes failed: Only part of a ReadProcessMemory or WriteProcessMemory request was completed. (0x12B)
[1126/105257.389:ERROR:process_memory_win.cc(73)] ReadMemory at 0x212635fdf30 of 512 bytes failed: Only part of a ReadProcessMemory or WriteProcessMemory request was completed. (0x12B)
[1126/105257.389:ERROR:process_memory_win.cc(73)] ReadMemory at 0x7ffac3c0c62c of 512 bytes failed: Only part of a ReadProcessMemory or WriteProcessMemory request was completed. (0x12B)
[1126/105257.389:ERROR:process_memory_win.cc(73)] ReadMemory at 0x7ffac4375294 of 553 bytes failed: Only part of a ReadProcessMemory or WriteProcessMemory request was completed. (0x12B)
[1126/105257.389:ERROR:process_memory_win.cc(73)] ReadMemory at 0x7ffac7343250 of 512 bytes failed: Only part of a ReadProcessMemory or WriteProcessMemory request was completed. (0x12B)
[1126/105257.389:ERROR:process_memory_win.cc(73)] ReadMemory at 0x7ffb1c60ff00 of 512 bytes failed: Only part of a ReadProcessMemory or WriteProcessMemory request was completed. (0x12B)
[1126/105257.389:ERROR:process_memory_win.cc(73)] ReadMemory at 0x7ffb1c65f764 of 672 bytes failed: Only part of a ReadProcessMemory or WriteProcessMemory request was completed. (0x12B)
[1126/105257.389:ERROR:process_memory_win.cc(73)] ReadMemory at 0x7ffb1c65fd64 of 512 bytes failed: Only part of a ReadProcessMemory or WriteProcessMemory request was completed. (0x12B)
[1126/105257.389:ERROR:process_memory_win.cc(73)] ReadMemory at 0x7ffb1c662ff4 of 608 bytes failed: Only part of a ReadProcessMemory or WriteProcessMemory request was completed. (0x12B)
[1126/105257.389:ERROR:process_memory_win.cc(73)] ReadMemory at 0x7ffb1c6ec0c8 of 18 bytes failed: Only part of a ReadProcessMemory or WriteProcessMemory request was completed. (0x12B)
[1126/105257.389:ERROR:process_memory_win.cc(73)] ReadMemory at 0x7ffb1c71f4f8 of 40 bytes failed: Only part of a ReadProcessMemory or WriteProcessMemory request was completed. (0x12B)
[1126/105257.389:ERROR:process_memory_win.cc(73)] ReadMemory at 0x7ffb1c71f978 of 48 bytes failed: Only part of a ReadProcessMemory or WriteProcessMemory request was completed. (0x12B)
[1126/105257.389:ERROR:process_memory_win.cc(73)] ReadMemory at 0x7ffb1c7253a0 of 64 bytes failed: Only part of a ReadProcessMemory or WriteProcessMemory request was completed. (0x12B)
[1126/105257.393:ERROR:scoped_process_suspend.cc(40)] NtResumeProcess: An attempt was made to access an exiting process. (0xc000010a)
